89206d6d-f1bb-4f42-ba38-20df96bb33b3	Sat Jul 15 2023	GET	/	undefined
cc1658c4-6073-42e7-aaa9-85a569c562e8	Mon Jul 17 2023	POST	/api/company/create	undefined
9e892fc8-64fa-489e-af65-1c7922e6bef7	Mon Jul 17 2023	POST	/api/companies/create	undefined
99c46a6e-3021-4113-9b8d-3b7415456691	Mon Jul 17 2023	POST	/api/companies/create	undefined
962f507d-98ab-43eb-8555-ca5c9e90d2db	Fri Jul 28 2023	GET	/healthz	undefined
06d81c73-fd4a-43bd-93e8-da1ac3204a80	Fri Jul 28 2023	GET	/healthz	undefined
f35f75ee-99b8-41ea-8284-794ebfd683ee	Fri Jul 28 2023	GET	/api/forms	undefined
3a8d1aeb-6f03-4ded-b984-bd1b3ed4798c	Fri Jul 28 2023	GET	/healthz	undefined
9b12bc4d-1a5f-437f-9959-f49c1edede07	Fri Jul 28 2023	GET	/healthz	undefined
e4e93531-a2ae-4b02-9d7c-e16eff550ad7	Fri Jul 28 2023	GET	/api/forms	undefined
f7ac5336-0274-480c-9fc1-b5b8bbed9e69	Fri Jul 28 2023	GET	/api/forms	undefined
134fe19b-207b-490a-b564-68d37e0c1218	Fri Jul 28 2023	GET	/api/forms	undefined
1abe5730-bb39-4a7b-83e2-aa562fcc295a	Fri Jul 28 2023	GET	/api/forms	undefined
de37a00c-5249-471f-bae3-feecfc178d1f	Fri Jul 28 2023	GET	/api/forms	undefined
5abc6376-db0d-4a6a-a55a-77f261f195f2	Fri Jul 28 2023	POST	/api/forms/create	undefined
050da1cd-ff35-46fe-bc0a-bd341ee7f14b	Fri Jul 28 2023	POST	/api/forms/create	undefined
ccf9e30d-ffbc-4fd8-b85d-7a3c872ea77f	Fri Jul 28 2023	POST	/api/forms/create	undefined
6e95e318-8ef7-4928-9785-042726a48f80	Fri Jul 28 2023	POST	/api/forms/create	undefined
d039a270-cd8f-4af3-abae-3027cacbc622	Fri Jul 28 2023	GET	/api/forms	undefined
05097973-da74-420f-9df0-efd7f9533237	Fri Jul 28 2023	POST	/api/forms/create	undefined
db156745-c123-4875-a63a-7c1e8c0bfb72	Fri Jul 28 2023	POST	/api/forms/create	undefined
c6077e9d-569a-4b9e-9dc0-a30cc5878aaa	Fri Jul 28 2023	POST	/api/forms/create	undefined
e7e1076c-ad17-4abd-ad2e-48d9c595a0f9	Fri Jul 28 2023	POST	/api/forms/create	undefined
88f38bbe-0f73-4790-a6b7-2964697550f1	Fri Jul 28 2023	POST	/api/forms/create	undefined
e2c4a021-c952-4a91-8a19-568f896225e7	Fri Jul 28 2023	POST	/api/forms/create	undefined
f135b921-5624-476c-a50d-a90a79cc6f94	Sat Jul 29 2023	DELETE	/api/forms/delete/32c3dabec1f396f088f4fee4	undefined
